2024-06-29 09:46:14,135 - INFO - <BrokerConnection node_id=0 host=jfgs:9092 <connecting> [IPv4 ('127.0.1.1', 9092)]>: connecting to jfgs:9092 [('127.0.1.1', 9092) IPv4]
2024-06-29 09:46:14,136 - INFO - <BrokerConnection node_id=0 host=jfgs:9092 <connecting> [IPv4 ('127.0.1.1', 9092)]>: Connection complete.
2024-06-29 09:46:14,137 - INFO - <BrokerConnection node_id=bootstrap-0 host=localhost:9092 <connected> [IPv4 ('127.0.0.1', 9092)]>: Closing connection. 
2024-06-29 09:46:15,137 - ERROR - Sensor ID 4: disconnected
2024-06-29 09:46:21,162 - WARNING - Sensor ID 4: anomalous extreme temperature detected: -17.87°C
2024-06-29 09:46:32,217 - WARNING - Sensor ID 2: anomalous extreme temperature detected: -19.73°C
2024-06-29 09:46:32,221 - WARNING - Sensor ID 9: anomalous extreme temperature detected: -12.13°C
2024-06-29 09:46:35,234 - WARNING - Sensor ID 5: anomalous extreme temperature detected: -10.09°C
2024-06-29 09:46:38,248 - ERROR - Sensor ID 3: disconnected
2024-06-29 09:46:40,256 - WARNING - Sensor ID 4: anomalous extreme temperature detected: -13.43°C
2024-06-29 09:46:41,258 - ERROR - Sensor ID 9: disconnected
2024-06-29 09:46:43,265 - WARNING - Sensor ID 5: anomalous extreme temperature detected: 54.92°C
2024-06-29 09:46:43,265 - WARNING - Sensor ID 8: anomalous extreme temperature detected: -13.15°C
2024-06-29 09:46:46,274 - ERROR - Sensor ID 5: disconnected
2024-06-29 09:46:47,277 - WARNING - Sensor ID 1: anomalous extreme temperature detected: 51.4°C
2024-06-29 09:46:55,303 - WARNING - Sensor ID 5: anomalous extreme temperature detected: 58.82°C
2024-06-29 09:46:59,320 - ERROR - Sensor ID 6: disconnected
2024-06-29 09:47:01,332 - ERROR - Sensor ID 1: disconnected
2024-06-29 09:47:04,344 - WARNING - Sensor ID 6: anomalous extreme temperature detected: -15.36°C
2024-06-29 09:47:05,346 - ERROR - Sensor ID 7: disconnected
2024-06-29 09:47:06,351 - WARNING - Sensor ID 8: anomalous extreme temperature detected: 51.17°C
2024-06-29 09:47:07,356 - WARNING - Sensor ID 1: anomalous extreme temperature detected: -13.14°C
2024-06-29 09:47:11,370 - ERROR - Sensor ID 9: disconnected
2024-06-29 09:47:12,376 - WARNING - Sensor ID 10: anomalous extreme temperature detected: -13.57°C
2024-06-29 09:47:14,382 - WARNING - Sensor ID 5: anomalous extreme temperature detected: -14.75°C
2024-06-29 09:47:14,383 - WARNING - Sensor ID 10: anomalous extreme temperature detected: -14.18°C
2024-06-29 09:47:27,414 - WARNING - Sensor ID 8: anomalous extreme temperature detected: -13.32°C
2024-06-29 09:47:33,437 - ERROR - Sensor ID 9: disconnected
2024-06-29 09:47:34,443 - WARNING - Sensor ID 9: anomalous extreme temperature detected: -15.3°C
2024-06-29 09:47:36,450 - ERROR - Sensor ID 9: disconnected
2024-06-29 09:47:48,512 - WARNING - Sensor ID 6: anomalous extreme temperature detected: -17.31°C
2024-06-29 09:47:51,524 - ERROR - Sensor ID 5: disconnected
2024-06-29 09:47:53,530 - ERROR - Sensor ID 8: disconnected
2024-06-29 09:47:58,545 - WARNING - Sensor ID 5: anomalous extreme temperature detected: -16.37°C
2024-06-29 09:47:59,551 - WARNING - Sensor ID 8: anomalous extreme temperature detected: 55.87°C
2024-06-29 09:48:00,557 - ERROR - Sensor ID 8: disconnected
2024-06-29 09:48:02,563 - WARNING - Sensor ID 1: anomalous extreme temperature detected: 54.97°C
2024-06-29 09:48:04,579 - ERROR - Sensor ID 8: disconnected
2024-06-29 09:48:07,589 - ERROR - Sensor ID 6: disconnected
2024-06-29 09:48:10,596 - WARNING - Sensor ID 4: anomalous extreme temperature detected: 58.55°C
2024-06-29 09:48:10,596 - ERROR - Sensor ID 6: disconnected
2024-06-29 09:48:14,603 - ERROR - Sensor ID 4: disconnected
2024-06-29 09:48:14,604 - ERROR - Sensor ID 5: disconnected
2024-06-29 09:48:17,610 - WARNING - Sensor ID 8: anomalous extreme temperature detected: -19.02°C
2024-06-29 09:48:23,622 - ERROR - Sensor ID 9: disconnected
2024-06-29 09:48:27,631 - WARNING - Sensor ID 5: anomalous extreme temperature detected: -14.82°C
2024-06-29 09:48:27,632 - WARNING - Sensor ID 7: anomalous extreme temperature detected: 54.0°C
2024-06-29 09:48:30,638 - ERROR - Sensor ID 5: disconnected
2024-06-29 09:48:35,647 - ERROR - Sensor ID 9: disconnected
2024-06-29 09:48:36,655 - ERROR - Sensor ID 9: disconnected
2024-06-29 09:48:47,697 - WARNING - Sensor ID 8: anomalous extreme temperature detected: -12.5°C
2024-06-29 09:48:53,723 - WARNING - Sensor ID 4: anomalous extreme temperature detected: -18.27°C
2024-06-29 09:48:57,732 - ERROR - Sensor ID 4: disconnected
2024-06-29 09:49:00,738 - WARNING - Sensor ID 1: anomalous extreme temperature detected: 58.98°C
2024-06-29 09:49:02,747 - ERROR - Sensor ID 6: disconnected
2024-06-29 09:49:06,763 - ERROR - Sensor ID 9: disconnected
2024-06-29 09:49:08,769 - WARNING - Sensor ID 1: anomalous extreme temperature detected: 57.45°C
2024-06-29 09:49:12,782 - WARNING - Sensor ID 1: anomalous extreme temperature detected: 59.63°C
2024-06-29 09:49:13,788 - ERROR - Sensor ID 9: disconnected
2024-06-29 09:49:14,794 - ERROR - Sensor ID 4: disconnected
2024-06-29 09:49:14,794 - WARNING - Sensor ID 6: anomalous extreme temperature detected: -10.85°C
2024-06-29 09:49:16,802 - WARNING - Sensor ID 9: anomalous extreme temperature detected: -12.18°C
2024-06-29 09:49:17,809 - ERROR - Sensor ID 9: disconnected
2024-06-29 09:49:18,816 - WARNING - Sensor ID 8: anomalous extreme temperature detected: 53.83°C
2024-06-29 09:49:19,820 - ERROR - Sensor ID 4: disconnected
2024-06-29 09:49:23,842 - ERROR - Sensor ID 2: disconnected
2024-06-29 09:49:23,845 - WARNING - Sensor ID 10: anomalous extreme temperature detected: -17.25°C
2024-06-29 09:49:34,891 - ERROR - Sensor ID 6: disconnected
2024-06-29 09:49:41,921 - WARNING - Sensor ID 9: anomalous extreme temperature detected: 57.67°C
2024-06-29 09:49:43,931 - WARNING - Sensor ID 6: anomalous extreme temperature detected: 50.07°C
2024-06-29 09:49:45,943 - ERROR - Sensor ID 10: disconnected
2024-06-29 09:49:49,956 - WARNING - Sensor ID 1: anomalous extreme temperature detected: 53.76°C
2024-06-29 09:49:50,962 - WARNING - Sensor ID 4: anomalous extreme temperature detected: -13.16°C
2024-06-29 09:50:03,016 - WARNING - Sensor ID 4: anomalous extreme temperature detected: 56.88°C
2024-06-29 09:50:06,025 - ERROR - Sensor ID 8: disconnected
2024-06-29 09:50:08,029 - ERROR - Sensor ID 1: disconnected
2024-06-29 09:50:09,031 - ERROR - Sensor ID 5: disconnected
2024-06-29 09:50:12,037 - WARNING - Sensor ID 5: anomalous extreme temperature detected: 52.29°C
2024-06-29 09:50:21,060 - WARNING - Sensor ID 8: anomalous extreme temperature detected: -16.91°C
2024-06-29 09:50:23,066 - ERROR - Sensor ID 4: disconnected
2024-06-29 09:50:29,084 - ERROR - Sensor ID 8: disconnected
2024-06-29 09:50:30,087 - ERROR - Sensor ID 5: disconnected
2024-06-29 09:50:39,123 - ERROR - Sensor ID 10: disconnected
2024-06-29 09:50:43,139 - WARNING - Sensor ID 1: anomalous extreme temperature detected: -17.85°C
2024-06-29 09:50:43,141 - ERROR - Sensor ID 4: disconnected
2024-06-29 09:50:47,156 - WARNING - Sensor ID 7: anomalous extreme temperature detected: -18.13°C
2024-06-29 09:50:47,157 - WARNING - Sensor ID 8: anomalous extreme temperature detected: -16.76°C
2024-06-29 09:50:49,160 - ERROR - Sensor ID 10: disconnected
2024-06-29 09:50:51,164 - ERROR - Sensor ID 10: disconnected
2024-06-29 09:50:56,187 - WARNING - Sensor ID 8: anomalous extreme temperature detected: -11.06°C
2024-06-29 09:51:03,212 - ERROR - Sensor ID 5: disconnected
2024-06-29 09:51:04,219 - ERROR - Sensor ID 8: disconnected
2024-06-29 09:51:06,224 - WARNING - Sensor ID 2: anomalous extreme temperature detected: 58.49°C
2024-06-29 09:51:06,226 - WARNING - Sensor ID 8: anomalous extreme temperature detected: 52.6°C
2024-06-29 09:51:18,273 - WARNING - Sensor ID 7: anomalous extreme temperature detected: -17.87°C
2024-06-29 09:51:21,289 - ERROR - Sensor ID 8: disconnected
2024-06-29 09:51:22,295 - WARNING - Sensor ID 6: anomalous extreme temperature detected: -15.25°C
2024-06-29 09:51:26,312 - ERROR - Sensor ID 6: disconnected
2024-06-29 09:51:29,318 - ERROR - Sensor ID 7: disconnected
2024-06-29 09:51:30,322 - WARNING - Sensor ID 8: anomalous extreme temperature detected: -11.91°C
2024-06-29 09:51:31,326 - WARNING - Sensor ID 9: anomalous extreme temperature detected: 53.98°C
2024-06-29 09:51:33,330 - ERROR - Sensor ID 7: disconnected
2024-06-29 09:51:35,334 - ERROR - Sensor ID 5: disconnected
2024-06-29 09:51:35,334 - ERROR - Sensor ID 6: disconnected
2024-06-29 09:51:37,337 - ERROR - Sensor ID 1: disconnected
2024-06-29 09:51:39,340 - WARNING - Sensor ID 6: anomalous extreme temperature detected: 52.6°C
2024-06-29 09:51:50,363 - WARNING - Sensor ID 1: anomalous extreme temperature detected: 52.49°C
2024-06-29 09:51:53,369 - WARNING - Sensor ID 1: anomalous extreme temperature detected: -19.59°C
2024-06-29 09:52:02,388 - ERROR - Sensor ID 8: disconnected
2024-06-29 09:52:02,389 - ERROR - Sensor ID 9: disconnected
2024-06-29 09:52:11,408 - ERROR - Sensor ID 6: disconnected
2024-06-29 09:52:12,412 - ERROR - Sensor ID 2: disconnected
2024-06-29 09:52:15,423 - WARNING - Sensor ID 8: anomalous extreme temperature detected: -17.2°C
2024-06-29 09:52:17,432 - ERROR - Sensor ID 6: disconnected
2024-06-29 09:52:19,439 - ERROR - Sensor ID 1: disconnected
2024-06-29 09:52:31,480 - ERROR - Sensor ID 8: disconnected
2024-06-29 09:52:34,486 - WARNING - Sensor ID 7: anomalous extreme temperature detected: -19.38°C
2024-06-29 09:52:38,495 - ERROR - Sensor ID 10: disconnected
2024-06-29 09:52:39,497 - WARNING - Sensor ID 6: anomalous extreme temperature detected: -18.04°C
2024-06-29 09:52:41,506 - ERROR - Sensor ID 5: disconnected
2024-06-29 09:52:41,507 - ERROR - Sensor ID 7: disconnected
2024-06-29 09:52:42,510 - WARNING - Sensor ID 5: anomalous extreme temperature detected: -16.4°C
2024-06-29 09:52:44,514 - WARNING - Sensor ID 2: anomalous extreme temperature detected: -14.1°C
2024-06-29 09:52:45,519 - ERROR - Sensor ID 7: disconnected
2024-06-29 09:52:47,524 - WARNING - Sensor ID 5: anomalous extreme temperature detected: -10.35°C
2024-06-29 09:52:59,555 - ERROR - Sensor ID 6: disconnected
2024-06-29 09:52:59,556 - WARNING - Sensor ID 10: anomalous extreme temperature detected: 50.44°C
2024-06-29 09:53:03,565 - ERROR - Sensor ID 4: disconnected
2024-06-29 09:53:10,586 - WARNING - Sensor ID 4: anomalous extreme temperature detected: -15.02°C
2024-06-29 09:53:13,604 - WARNING - Sensor ID 6: anomalous extreme temperature detected: -11.28°C
2024-06-29 09:53:14,606 - WARNING - Sensor ID 4: anomalous extreme temperature detected: 59.53°C
2024-06-29 09:53:19,623 - ERROR - Sensor ID 4: disconnected
2024-06-29 09:53:23,631 - WARNING - Sensor ID 6: anomalous extreme temperature detected: -11.95°C
2024-06-29 09:53:29,650 - WARNING - Sensor ID 6: anomalous extreme temperature detected: 50.88°C
2024-06-29 09:53:31,657 - ERROR - Sensor ID 3: disconnected
2024-06-29 09:53:32,663 - WARNING - Sensor ID 5: anomalous extreme temperature detected: -16.9°C
2024-06-29 09:53:34,673 - ERROR - Sensor ID 6: disconnected
2024-06-29 09:53:39,691 - WARNING - Sensor ID 6: anomalous extreme temperature detected: -11.54°C
2024-06-29 09:53:44,698 - WARNING - Sensor ID 6: anomalous extreme temperature detected: -12.44°C
2024-06-29 09:53:46,713 - ERROR - Sensor ID 3: disconnected
2024-06-29 09:53:47,719 - WARNING - Sensor ID 4: anomalous extreme temperature detected: -18.42°C
2024-06-29 09:53:50,727 - ERROR - Sensor ID 4: disconnected
2024-06-29 09:53:50,727 - ERROR - Sensor ID 6: disconnected
2024-06-29 09:53:50,728 - ERROR - Sensor ID 7: disconnected
2024-06-29 09:53:52,736 - WARNING - Sensor ID 9: anomalous extreme temperature detected: 52.81°C
2024-06-29 09:53:56,765 - WARNING - Sensor ID 4: anomalous extreme temperature detected: 59.17°C
2024-06-29 09:54:02,788 - WARNING - Sensor ID 4: anomalous extreme temperature detected: 56.87°C
2024-06-29 09:54:03,796 - ERROR - Sensor ID 2: disconnected
2024-06-29 09:54:04,798 - WARNING - Sensor ID 4: anomalous extreme temperature detected: 58.68°C
2024-06-29 09:54:05,801 - ERROR - Sensor ID 5: disconnected
2024-06-29 09:54:06,802 - WARNING - Sensor ID 8: anomalous extreme temperature detected: -15.83°C
2024-06-29 09:54:08,811 - ERROR - Sensor ID 6: disconnected
2024-06-29 09:54:14,820 - ERROR - Sensor ID 8: disconnected
2024-06-29 09:54:22,849 - WARNING - Sensor ID 5: anomalous extreme temperature detected: 56.14°C
2024-06-29 09:54:27,864 - WARNING - Sensor ID 4: anomalous extreme temperature detected: -11.94°C
2024-06-29 09:54:27,865 - ERROR - Sensor ID 6: disconnected
2024-06-29 09:54:28,867 - WARNING - Sensor ID 4: anomalous extreme temperature detected: 59.76°C
2024-06-29 09:54:32,877 - ERROR - Sensor ID 3: disconnected
2024-06-29 09:54:32,877 - WARNING - Sensor ID 10: anomalous extreme temperature detected: -18.43°C
2024-06-29 09:54:41,902 - ERROR - Sensor ID 10: disconnected
2024-06-29 09:54:46,920 - WARNING - Sensor ID 5: anomalous extreme temperature detected: -12.05°C
2024-06-29 09:54:47,925 - WARNING - Sensor ID 9: anomalous extreme temperature detected: -16.02°C
2024-06-29 09:54:49,929 - ERROR - Sensor ID 9: disconnected
2024-06-29 09:54:51,938 - ERROR - Sensor ID 10: disconnected
2024-06-29 09:54:52,947 - WARNING - Sensor ID 7: anomalous extreme temperature detected: -10.83°C
2024-06-29 09:54:58,968 - WARNING - Sensor ID 8: anomalous extreme temperature detected: -16.65°C
2024-06-29 09:55:05,996 - ERROR - Sensor ID 1: disconnected
2024-06-29 09:55:11,011 - WARNING - Sensor ID 8: anomalous extreme temperature detected: -17.36°C
2024-06-29 09:55:20,044 - ERROR - Sensor ID 2: disconnected
2024-06-29 09:55:20,045 - WARNING - Sensor ID 10: anomalous extreme temperature detected: -18.45°C
2024-06-29 09:55:21,047 - ERROR - Sensor ID 9: disconnected
2024-06-29 09:55:22,049 - WARNING - Sensor ID 5: anomalous extreme temperature detected: 55.96°C
2024-06-29 09:55:23,051 - WARNING - Sensor ID 4: anomalous extreme temperature detected: 50.27°C
2024-06-29 09:55:25,054 - ERROR - Sensor ID 9: disconnected
2024-06-29 09:55:26,059 - WARNING - Sensor ID 1: anomalous extreme temperature detected: -13.89°C
2024-06-29 09:55:26,059 - WARNING - Sensor ID 6: anomalous extreme temperature detected: 52.35°C
2024-06-29 09:55:32,074 - WARNING - Sensor ID 10: anomalous extreme temperature detected: -11.9°C
2024-06-29 09:55:33,081 - WARNING - Sensor ID 7: anomalous extreme temperature detected: -12.47°C
2024-06-29 09:55:34,082 - ERROR - Sensor ID 4: disconnected
2024-06-29 09:55:35,084 - WARNING - Sensor ID 7: anomalous extreme temperature detected: 57.35°C
2024-06-29 09:55:38,094 - ERROR - Sensor ID 5: disconnected
2024-06-29 09:55:40,103 - WARNING - Sensor ID 2: anomalous extreme temperature detected: -14.39°C
2024-06-29 09:55:40,103 - WARNING - Sensor ID 5: anomalous extreme temperature detected: 50.85°C
2024-06-29 09:55:47,124 - WARNING - Sensor ID 10: anomalous extreme temperature detected: 54.47°C
2024-06-29 09:55:58,156 - WARNING - Sensor ID 6: anomalous extreme temperature detected: 52.14°C
2024-06-29 09:55:58,156 - WARNING - Sensor ID 10: anomalous extreme temperature detected: 56.88°C
2024-06-29 09:56:05,735 - INFO - Closing the Kafka producer with 0 secs timeout.
2024-06-29 09:56:05,736 - INFO - Proceeding to force close the producer since pending requests could not be completed within timeout 0.
2024-06-29 10:01:05,015 - INFO - <BrokerConnection node_id=0 host=jfgs:9092 <connecting> [IPv4 ('127.0.1.1', 9092)]>: connecting to jfgs:9092 [('127.0.1.1', 9092) IPv4]
2024-06-29 10:01:05,016 - INFO - <BrokerConnection node_id=0 host=jfgs:9092 <connecting> [IPv4 ('127.0.1.1', 9092)]>: Connection complete.
2024-06-29 10:01:05,017 - INFO - <BrokerConnection node_id=bootstrap-0 host=localhost:9092 <connected> [IPv4 ('127.0.0.1', 9092)]>: Closing connection. 
2024-06-29 10:01:16,056 - WARNING - Sensor ID 4: anomalous extreme temperature detected: 55.29°C
2024-06-29 10:01:21,074 - WARNING - Sensor ID 7: anomalous extreme temperature detected: -17.46°C
2024-06-29 10:01:31,118 - WARNING - Sensor ID 6: anomalous extreme temperature detected: -16.65°C
2024-06-29 10:01:31,118 - ERROR - Sensor ID 7: disconnected
2024-06-29 10:01:32,121 - ERROR - Sensor ID 7: disconnected
2024-06-29 10:01:40,148 - WARNING - Sensor ID 3: anomalous extreme temperature detected: -12.68°C
2024-06-29 10:01:42,151 - WARNING - Sensor ID 4: anomalous extreme temperature detected: 52.55°C
2024-06-29 10:01:43,153 - WARNING - Sensor ID 3: anomalous extreme temperature detected: -12.75°C
2024-06-29 10:01:49,175 - WARNING - Sensor ID 9: anomalous extreme temperature detected: -11.29°C
2024-06-29 10:01:50,177 - ERROR - Sensor ID 4: disconnected
2024-06-29 10:01:52,182 - WARNING - Sensor ID 6: anomalous extreme temperature detected: -12.02°C
2024-06-29 10:01:57,202 - WARNING - Sensor ID 4: anomalous extreme temperature detected: -13.7°C
2024-06-29 10:01:58,206 - ERROR - Sensor ID 5: disconnected
2024-06-29 10:02:02,229 - WARNING - Sensor ID 6: anomalous extreme temperature detected: -19.74°C
2024-06-29 10:02:07,248 - WARNING - Sensor ID 7: anomalous extreme temperature detected: 51.47°C
2024-06-29 10:02:09,261 - ERROR - Sensor ID 5: disconnected
2024-06-29 10:02:09,264 - ERROR - Sensor ID 7: disconnected
2024-06-29 10:02:09,264 - WARNING - Sensor ID 9: anomalous extreme temperature detected: 54.99°C
2024-06-29 10:02:17,304 - WARNING - Sensor ID 9: anomalous extreme temperature detected: 59.8°C
2024-06-29 10:02:18,309 - WARNING - Sensor ID 1: anomalous extreme temperature detected: 53.75°C
2024-06-29 10:02:29,356 - ERROR - Sensor ID 5: disconnected
2024-06-29 10:02:29,361 - ERROR - Sensor ID 8: disconnected
2024-06-29 10:02:45,422 - WARNING - Sensor ID 4: anomalous extreme temperature detected: 50.68°C
2024-06-29 10:02:49,439 - ERROR - Sensor ID 8: disconnected
2024-06-29 10:02:53,451 - ERROR - Sensor ID 9: disconnected
2024-06-29 10:03:03,505 - ERROR - Sensor ID 4: disconnected
2024-06-29 10:03:04,508 - WARNING - Sensor ID 4: anomalous extreme temperature detected: 52.39°C
2024-06-29 10:03:05,515 - WARNING - Sensor ID 7: anomalous extreme temperature detected: -14.63°C
2024-06-29 10:03:17,573 - WARNING - Sensor ID 3: anomalous extreme temperature detected: 58.1°C
2024-06-29 10:03:22,606 - WARNING - Sensor ID 3: anomalous extreme temperature detected: -16.71°C
2024-06-29 10:03:27,631 - ERROR - Sensor ID 7: disconnected
2024-06-29 10:03:39,684 - WARNING - Sensor ID 4: anomalous extreme temperature detected: 54.01°C
2024-06-29 10:03:42,696 - WARNING - Sensor ID 1: anomalous extreme temperature detected: 52.61°C
2024-06-29 10:03:42,699 - ERROR - Sensor ID 4: disconnected
2024-06-29 10:03:45,703 - ERROR - Sensor ID 1: disconnected
2024-06-29 10:03:45,708 - ERROR - Sensor ID 8: disconnected
2024-06-29 10:03:52,731 - ERROR - Sensor ID 2: disconnected
2024-06-29 10:04:00,767 - WARNING - Sensor ID 8: anomalous extreme temperature detected: -17.69°C
2024-06-29 10:04:09,810 - ERROR - Sensor ID 5: disconnected
2024-06-29 10:04:12,826 - WARNING - Sensor ID 7: anomalous extreme temperature detected: 54.1°C
2024-06-29 10:04:13,832 - WARNING - Sensor ID 1: anomalous extreme temperature detected: -16.83°C
2024-06-29 10:04:14,835 - ERROR - Sensor ID 8: disconnected
2024-06-29 10:04:18,853 - WARNING - Sensor ID 1: anomalous extreme temperature detected: -14.42°C
2024-06-29 10:04:25,880 - WARNING - Sensor ID 7: anomalous extreme temperature detected: -11.71°C
2024-06-29 10:04:25,883 - WARNING - Sensor ID 9: anomalous extreme temperature detected: -11.49°C
2024-06-29 10:04:33,908 - ERROR - Sensor ID 5: disconnected
2024-06-29 10:04:37,925 - ERROR - Sensor ID 1: disconnected
2024-06-29 10:04:39,937 - ERROR - Sensor ID 2: disconnected
2024-06-29 10:04:42,945 - ERROR - Sensor ID 1: disconnected
2024-06-29 10:04:44,955 - ERROR - Sensor ID 8: disconnected
2024-06-29 10:04:45,961 - WARNING - Sensor ID 2: anomalous extreme temperature detected: -11.18°C
2024-06-29 10:04:53,992 - WARNING - Sensor ID 2: anomalous extreme temperature detected: -14.83°C
2024-06-29 10:04:53,996 - ERROR - Sensor ID 7: disconnected
2024-06-29 10:04:56,006 - WARNING - Sensor ID 1: anomalous extreme temperature detected: 54.69°C
2024-06-29 10:05:01,016 - WARNING - Sensor ID 1: anomalous extreme temperature detected: 51.55°C
2024-06-29 10:05:01,016 - ERROR - Sensor ID 5: disconnected
2024-06-29 10:05:17,072 - WARNING - Sensor ID 9: anomalous extreme temperature detected: 51.04°C
2024-06-29 10:05:18,076 - WARNING - Sensor ID 4: anomalous extreme temperature detected: -19.73°C
2024-06-29 10:05:19,082 - WARNING - Sensor ID 1: anomalous extreme temperature detected: -12.31°C
2024-06-29 10:05:21,098 - ERROR - Sensor ID 6: disconnected
2024-06-29 10:05:30,133 - WARNING - Sensor ID 5: anomalous extreme temperature detected: -13.68°C
2024-06-29 10:05:31,140 - ERROR - Sensor ID 9: disconnected
2024-06-29 10:05:34,152 - WARNING - Sensor ID 5: anomalous extreme temperature detected: 58.73°C
2024-06-29 10:05:36,159 - WARNING - Sensor ID 10: anomalous extreme temperature detected: -11.3°C
2024-06-29 10:05:41,182 - ERROR - Sensor ID 9: disconnected
2024-06-29 10:05:47,205 - ERROR - Sensor ID 4: disconnected
2024-06-29 10:05:52,224 - WARNING - Sensor ID 7: anomalous extreme temperature detected: 52.02°C
2024-06-29 10:05:54,235 - ERROR - Sensor ID 4: disconnected
2024-06-29 10:05:54,236 - WARNING - Sensor ID 7: anomalous extreme temperature detected: 58.75°C
2024-06-29 10:05:56,245 - WARNING - Sensor ID 1: anomalous extreme temperature detected: -14.75°C
2024-06-29 10:05:59,255 - ERROR - Sensor ID 4: disconnected
2024-06-29 10:06:03,279 - WARNING - Sensor ID 8: anomalous extreme temperature detected: 58.89°C
2024-06-29 10:06:07,296 - WARNING - Sensor ID 10: anomalous extreme temperature detected: -13.57°C
2024-06-29 10:06:11,311 - ERROR - Sensor ID 5: disconnected
2024-06-29 10:06:11,312 - WARNING - Sensor ID 10: anomalous extreme temperature detected: 55.89°C
2024-06-29 10:06:14,326 - ERROR - Sensor ID 3: disconnected
2024-06-29 10:06:17,339 - WARNING - Sensor ID 1: anomalous extreme temperature detected: 57.35°C
2024-06-29 10:06:27,380 - ERROR - Sensor ID 8: disconnected
2024-06-29 10:06:28,384 - ERROR - Sensor ID 2: disconnected
2024-06-29 10:06:31,396 - ERROR - Sensor ID 1: disconnected
2024-06-29 10:06:33,407 - WARNING - Sensor ID 9: anomalous extreme temperature detected: 56.27°C
2024-06-29 10:06:34,412 - ERROR - Sensor ID 8: disconnected
2024-06-29 10:06:35,416 - ERROR - Sensor ID 9: disconnected
2024-06-29 10:06:36,424 - ERROR - Sensor ID 4: disconnected
2024-06-29 10:06:37,427 - ERROR - Sensor ID 6: disconnected
2024-06-29 10:06:39,433 - ERROR - Sensor ID 1: disconnected
2024-06-29 10:06:39,437 - ERROR - Sensor ID 6: disconnected
2024-06-29 10:06:45,459 - ERROR - Sensor ID 7: disconnected
2024-06-29 10:06:45,462 - WARNING - Sensor ID 9: anomalous extreme temperature detected: 55.48°C
2024-06-29 10:06:46,468 - ERROR - Sensor ID 8: disconnected
2024-06-29 10:06:53,492 - WARNING - Sensor ID 9: anomalous extreme temperature detected: 54.89°C
2024-06-29 10:06:56,508 - WARNING - Sensor ID 9: anomalous extreme temperature detected: 50.4°C
2024-06-29 10:06:57,510 - WARNING - Sensor ID 4: anomalous extreme temperature detected: -16.43°C
2024-06-29 10:07:00,523 - ERROR - Sensor ID 7: disconnected
2024-06-29 10:07:09,559 - WARNING - Sensor ID 4: anomalous extreme temperature detected: 56.12°C
2024-06-29 10:07:10,568 - ERROR - Sensor ID 4: disconnected
2024-06-29 10:07:18,602 - ERROR - Sensor ID 1: disconnected
2024-06-29 10:07:22,619 - ERROR - Sensor ID 7: disconnected
2024-06-29 10:07:23,624 - ERROR - Sensor ID 5: disconnected
2024-06-29 10:07:23,627 - ERROR - Sensor ID 7: disconnected
2024-06-29 10:07:27,641 - ERROR - Sensor ID 1: disconnected
2024-06-29 10:07:35,684 - WARNING - Sensor ID 8: anomalous extreme temperature detected: 54.05°C
2024-06-29 10:07:37,696 - WARNING - Sensor ID 6: anomalous extreme temperature detected: 51.76°C
2024-06-29 10:07:40,721 - WARNING - Sensor ID 6: anomalous extreme temperature detected: 51.53°C
2024-06-29 10:07:41,729 - WARNING - Sensor ID 4: anomalous extreme temperature detected: -18.52°C
2024-06-29 10:07:52,775 - WARNING - Sensor ID 6: anomalous extreme temperature detected: -19.69°C
2024-06-29 10:08:03,813 - WARNING - Sensor ID 7: anomalous extreme temperature detected: -12.62°C
2024-06-29 10:08:06,823 - ERROR - Sensor ID 4: disconnected
2024-06-29 10:08:06,826 - WARNING - Sensor ID 5: anomalous extreme temperature detected: 59.9°C
2024-06-29 10:08:08,836 - ERROR - Sensor ID 8: disconnected
2024-06-29 10:08:10,845 - ERROR - Sensor ID 6: disconnected
2024-06-29 10:08:12,852 - ERROR - Sensor ID 4: disconnected
2024-06-29 10:08:12,853 - WARNING - Sensor ID 9: anomalous extreme temperature detected: -19.33°C
2024-06-29 10:08:13,856 - WARNING - Sensor ID 5: anomalous extreme temperature detected: -19.87°C
2024-06-29 10:08:17,872 - ERROR - Sensor ID 3: disconnected
2024-06-29 10:08:18,879 - WARNING - Sensor ID 7: anomalous extreme temperature detected: 53.81°C
2024-06-29 10:08:18,880 - ERROR - Sensor ID 9: disconnected
2024-06-29 10:08:33,933 - WARNING - Sensor ID 4: anomalous extreme temperature detected: -15.53°C
2024-06-29 10:08:35,940 - ERROR - Sensor ID 4: disconnected
2024-06-29 10:08:38,952 - WARNING - Sensor ID 9: anomalous extreme temperature detected: 52.98°C
2024-06-29 10:08:49,998 - WARNING - Sensor ID 4: anomalous extreme temperature detected: 57.06°C
2024-06-29 10:08:53,011 - ERROR - Sensor ID 7: disconnected
2024-06-29 10:08:56,025 - ERROR - Sensor ID 1: disconnected
2024-06-29 10:08:57,031 - WARNING - Sensor ID 5: anomalous extreme temperature detected: -13.09°C
2024-06-29 10:09:00,041 - ERROR - Sensor ID 5: disconnected
2024-06-29 10:09:05,058 - ERROR - Sensor ID 2: disconnected
2024-06-29 10:09:09,073 - WARNING - Sensor ID 5: anomalous extreme temperature detected: -19.35°C
2024-06-29 10:09:11,082 - WARNING - Sensor ID 4: anomalous extreme temperature detected: 52.0°C
2024-06-29 10:09:35,173 - ERROR - Sensor ID 8: disconnected
2024-06-29 10:09:36,182 - WARNING - Sensor ID 1: anomalous extreme temperature detected: 58.75°C
2024-06-29 10:09:38,189 - ERROR - Sensor ID 6: disconnected
2024-06-29 10:09:39,197 - ERROR - Sensor ID 8: disconnected
2024-06-29 10:09:43,211 - ERROR - Sensor ID 9: disconnected
2024-06-29 10:09:46,223 - WARNING - Sensor ID 6: anomalous extreme temperature detected: 59.93°C
2024-06-29 10:09:46,227 - WARNING - Sensor ID 9: anomalous extreme temperature detected: -15.55°C
2024-06-29 10:09:47,230 - WARNING - Sensor ID 3: anomalous extreme temperature detected: 55.0°C
2024-06-29 10:09:51,245 - WARNING - Sensor ID 4: anomalous extreme temperature detected: 51.03°C
2024-06-29 10:09:52,251 - ERROR - Sensor ID 4: disconnected
2024-06-29 10:10:02,293 - ERROR - Sensor ID 9: disconnected
2024-06-29 10:10:09,322 - ERROR - Sensor ID 9: disconnected
2024-06-29 10:10:21,358 - WARNING - Sensor ID 4: anomalous extreme temperature detected: -10.67°C
2024-06-29 10:10:25,375 - WARNING - Sensor ID 6: anomalous extreme temperature detected: 56.46°C
2024-06-29 10:10:25,377 - ERROR - Sensor ID 7: disconnected
2024-06-29 10:10:30,397 - ERROR - Sensor ID 9: disconnected
2024-06-29 10:10:31,405 - ERROR - Sensor ID 5: disconnected
2024-06-29 10:10:32,413 - ERROR - Sensor ID 6: disconnected
2024-06-29 10:10:35,425 - ERROR - Sensor ID 2: disconnected
2024-06-29 10:10:35,428 - ERROR - Sensor ID 4: disconnected
2024-06-29 10:10:40,447 - ERROR - Sensor ID 9: disconnected
2024-06-29 10:10:45,466 - WARNING - Sensor ID 9: anomalous extreme temperature detected: -11.04°C
2024-06-29 10:10:50,487 - WARNING - Sensor ID 4: anomalous extreme temperature detected: 57.57°C
2024-06-29 10:10:54,508 - WARNING - Sensor ID 6: anomalous extreme temperature detected: -14.89°C
2024-06-29 10:10:57,521 - ERROR - Sensor ID 7: disconnected
2024-06-29 10:10:58,529 - ERROR - Sensor ID 7: disconnected
2024-06-29 10:11:02,552 - ERROR - Sensor ID 6: disconnected
2024-06-29 10:11:06,569 - ERROR - Sensor ID 3: disconnected
2024-06-29 10:11:08,579 - WARNING - Sensor ID 3: anomalous extreme temperature detected: 56.93°C
2024-06-29 10:11:10,586 - ERROR - Sensor ID 9: disconnected
2024-06-29 10:11:13,599 - WARNING - Sensor ID 3: anomalous extreme temperature detected: 50.36°C
2024-06-29 10:11:17,612 - ERROR - Sensor ID 1: disconnected
2024-06-29 10:11:17,614 - WARNING - Sensor ID 10: anomalous extreme temperature detected: -15.79°C
2024-06-29 10:11:18,619 - WARNING - Sensor ID 10: anomalous extreme temperature detected: -10.68°C
2024-06-29 10:11:19,623 - WARNING - Sensor ID 5: anomalous extreme temperature detected: -15.2°C
2024-06-29 10:11:21,632 - ERROR - Sensor ID 7: disconnected
2024-06-29 10:11:27,658 - ERROR - Sensor ID 4: disconnected
2024-06-29 10:11:29,668 - WARNING - Sensor ID 1: anomalous extreme temperature detected: -12.15°C
2024-06-29 10:11:32,686 - ERROR - Sensor ID 5: disconnected
2024-06-29 10:11:33,690 - ERROR - Sensor ID 2: disconnected
2024-06-29 10:11:36,718 - ERROR - Sensor ID 5: disconnected
2024-06-29 10:11:38,726 - ERROR - Sensor ID 1: disconnected
2024-06-29 10:11:39,731 - WARNING - Sensor ID 3: anomalous extreme temperature detected: 57.48°C
2024-06-29 10:11:46,769 - WARNING - Sensor ID 4: anomalous extreme temperature detected: -15.81°C
2024-06-29 10:11:47,778 - ERROR - Sensor ID 5: disconnected
2024-06-29 10:11:55,809 - WARNING - Sensor ID 9: anomalous extreme temperature detected: 57.18°C
2024-06-29 10:12:03,839 - ERROR - Sensor ID 2: disconnected
2024-06-29 10:12:07,858 - ERROR - Sensor ID 8: disconnected
2024-06-29 10:12:25,921 - WARNING - Sensor ID 7: anomalous extreme temperature detected: 55.11°C
2024-06-29 10:12:30,951 - ERROR - Sensor ID 4: disconnected
2024-06-29 10:12:31,957 - WARNING - Sensor ID 7: anomalous extreme temperature detected: 53.53°C
2024-06-29 10:12:33,967 - ERROR - Sensor ID 6: disconnected
2024-06-29 10:12:43,007 - ERROR - Sensor ID 10: disconnected
2024-06-29 10:12:48,026 - ERROR - Sensor ID 7: disconnected
2024-06-29 10:12:50,039 - ERROR - Sensor ID 9: disconnected
2024-06-29 10:12:51,045 - ERROR - Sensor ID 6: disconnected
2024-06-29 10:12:53,053 - ERROR - Sensor ID 4: disconnected
2024-06-29 10:12:56,065 - ERROR - Sensor ID 3: disconnected
2024-06-29 10:12:57,076 - ERROR - Sensor ID 8: disconnected
2024-06-29 10:12:59,082 - ERROR - Sensor ID 3: disconnected
2024-06-29 10:13:02,092 - WARNING - Sensor ID 5: anomalous extreme temperature detected: -13.4°C
2024-06-29 10:13:07,106 - WARNING - Sensor ID 9: anomalous extreme temperature detected: -17.78°C
2024-06-29 10:13:13,123 - ERROR - Sensor ID 5: disconnected
2024-06-29 10:13:22,172 - ERROR - Sensor ID 3: disconnected
2024-06-29 10:13:32,210 - WARNING - Sensor ID 7: anomalous extreme temperature detected: -13.28°C
2024-06-29 10:13:41,247 - WARNING - Sensor ID 8: anomalous extreme temperature detected: -13.84°C
2024-06-29 10:13:47,273 - ERROR - Sensor ID 7: disconnected
2024-06-29 10:13:48,277 - ERROR - Sensor ID 8: disconnected
2024-06-29 10:13:51,290 - ERROR - Sensor ID 1: disconnected
2024-06-29 10:13:53,298 - ERROR - Sensor ID 2: disconnected
2024-06-29 10:13:53,302 - WARNING - Sensor ID 8: anomalous extreme temperature detected: 57.36°C
2024-06-29 10:13:55,310 - ERROR - Sensor ID 5: disconnected
2024-06-29 10:13:56,315 - ERROR - Sensor ID 5: disconnected
2024-06-29 10:14:01,338 - ERROR - Sensor ID 7: disconnected
2024-06-29 10:14:01,342 - ERROR - Sensor ID 9: disconnected
2024-06-29 10:14:03,356 - WARNING - Sensor ID 3: anomalous extreme temperature detected: -10.45°C
2024-06-29 10:14:05,368 - WARNING - Sensor ID 3: anomalous extreme temperature detected: 55.87°C
2024-06-29 10:14:10,388 - ERROR - Sensor ID 4: disconnected
2024-06-29 10:14:21,426 - ERROR - Sensor ID 2: disconnected
2024-06-29 10:14:35,480 - ERROR - Sensor ID 1: disconnected
2024-06-29 10:14:35,482 - WARNING - Sensor ID 9: anomalous extreme temperature detected: -12.96°C
2024-06-29 10:14:41,500 - ERROR - Sensor ID 9: disconnected
2024-06-29 10:14:46,520 - WARNING - Sensor ID 3: anomalous extreme temperature detected: 50.23°C
2024-06-29 10:14:47,524 - ERROR - Sensor ID 3: disconnected
2024-06-29 10:14:47,527 - WARNING - Sensor ID 6: anomalous extreme temperature detected: -10.05°C
2024-06-29 10:14:48,531 - WARNING - Sensor ID 3: anomalous extreme temperature detected: -10.73°C
2024-06-29 10:14:56,564 - ERROR - Sensor ID 5: disconnected
2024-06-29 10:15:02,593 - ERROR - Sensor ID 5: disconnected
2024-06-29 10:15:05,603 - ERROR - Sensor ID 7: disconnected
2024-06-29 10:15:24,688 - WARNING - Sensor ID 1: anomalous extreme temperature detected: -16.16°C
2024-06-29 10:15:28,703 - WARNING - Sensor ID 8: anomalous extreme temperature detected: -10.22°C
2024-06-29 10:15:32,718 - ERROR - Sensor ID 1: disconnected
2024-06-29 10:15:33,723 - ERROR - Sensor ID 9: disconnected
2024-06-29 10:15:34,728 - ERROR - Sensor ID 1: disconnected
2024-06-29 10:15:38,745 - WARNING - Sensor ID 4: anomalous extreme temperature detected: -16.51°C
2024-06-29 10:15:50,786 - WARNING - Sensor ID 4: anomalous extreme temperature detected: -17.8°C
2024-06-29 10:15:50,787 - WARNING - Sensor ID 7: anomalous extreme temperature detected: -16.78°C
2024-06-29 10:15:57,812 - WARNING - Sensor ID 7: anomalous extreme temperature detected: 52.79°C
2024-06-29 10:16:08,851 - ERROR - Sensor ID 5: disconnected
2024-06-29 10:16:09,854 - WARNING - Sensor ID 1: anomalous extreme temperature detected: 50.08°C
2024-06-29 10:16:10,859 - WARNING - Sensor ID 8: anomalous extreme temperature detected: -13.45°C
2024-06-29 10:16:15,885 - ERROR - Sensor ID 9: disconnected
2024-06-29 10:16:16,889 - WARNING - Sensor ID 9: anomalous extreme temperature detected: -13.66°C
2024-06-29 10:16:23,922 - ERROR - Sensor ID 8: disconnected
2024-06-29 10:16:24,926 - WARNING - Sensor ID 7: anomalous extreme temperature detected: -13.13°C
2024-06-29 10:16:26,937 - ERROR - Sensor ID 1: disconnected
2024-06-29 10:16:28,946 - WARNING - Sensor ID 4: anomalous extreme temperature detected: 52.33°C
2024-06-29 10:16:37,980 - ERROR - Sensor ID 9: disconnected
2024-06-29 10:16:42,998 - WARNING - Sensor ID 4: anomalous extreme temperature detected: -14.05°C
2024-06-29 10:16:45,010 - WARNING - Sensor ID 1: anomalous extreme temperature detected: 58.3°C
2024-06-29 10:16:47,017 - ERROR - Sensor ID 5: disconnected
2024-06-29 10:16:48,023 - WARNING - Sensor ID 4: anomalous extreme temperature detected: 52.16°C
2024-06-29 10:16:51,038 - ERROR - Sensor ID 10: disconnected
2024-06-29 10:16:54,051 - ERROR - Sensor ID 6: disconnected
2024-06-29 10:16:54,052 - WARNING - Sensor ID 10: anomalous extreme temperature detected: -19.76°C
2024-06-29 10:16:57,065 - WARNING - Sensor ID 5: anomalous extreme temperature detected: -15.36°C
2024-06-29 10:17:05,102 - ERROR - Sensor ID 4: disconnected
2024-06-29 10:17:05,105 - ERROR - Sensor ID 7: disconnected
2024-06-29 10:17:06,110 - WARNING - Sensor ID 8: anomalous extreme temperature detected: -11.18°C
2024-06-29 10:17:07,113 - WARNING - Sensor ID 2: anomalous extreme temperature detected: 53.89°C
2024-06-29 10:17:11,134 - WARNING - Sensor ID 2: anomalous extreme temperature detected: -17.76°C
2024-06-29 10:17:11,136 - ERROR - Sensor ID 4: disconnected
2024-06-29 10:17:13,148 - ERROR - Sensor ID 5: disconnected
2024-06-29 10:17:14,155 - WARNING - Sensor ID 4: anomalous extreme temperature detected: 55.84°C
2024-06-29 10:17:21,183 - ERROR - Sensor ID 5: disconnected
2024-06-29 10:17:25,199 - WARNING - Sensor ID 4: anomalous extreme temperature detected: -10.87°C
2024-06-29 10:17:27,209 - ERROR - Sensor ID 10: disconnected
2024-06-29 10:17:30,221 - ERROR - Sensor ID 5: disconnected
2024-06-29 10:17:32,229 - ERROR - Sensor ID 5: disconnected
2024-06-29 10:17:34,238 - WARNING - Sensor ID 9: anomalous extreme temperature detected: 57.32°C
2024-06-29 10:17:41,267 - ERROR - Sensor ID 4: disconnected
2024-06-29 10:17:42,289 - ERROR - Sensor ID 9: disconnected
2024-06-29 10:17:43,296 - ERROR - Sensor ID 4: disconnected
2024-06-29 10:17:46,306 - ERROR - Sensor ID 1: disconnected
2024-06-29 10:17:51,336 - ERROR - Sensor ID 5: disconnected
2024-06-29 10:17:52,343 - ERROR - Sensor ID 9: disconnected
2024-06-29 10:17:55,357 - ERROR - Sensor ID 4: disconnected
2024-06-29 10:17:55,358 - ERROR - Sensor ID 8: disconnected
2024-06-29 10:18:01,382 - WARNING - Sensor ID 8: anomalous extreme temperature detected: -11.55°C
2024-06-29 10:18:08,413 - ERROR - Sensor ID 9: disconnected
2024-06-29 10:18:18,449 - WARNING - Sensor ID 3: anomalous extreme temperature detected: 52.4°C
2024-06-29 10:18:21,464 - ERROR - Sensor ID 7: disconnected
2024-06-29 10:18:22,470 - ERROR - Sensor ID 8: disconnected
2024-06-29 10:18:23,475 - WARNING - Sensor ID 7: anomalous extreme temperature detected: 51.35°C
2024-06-29 10:18:29,501 - ERROR - Sensor ID 5: disconnected
2024-06-29 10:18:29,504 - ERROR - Sensor ID 9: disconnected
2024-06-29 10:18:31,513 - WARNING - Sensor ID 5: anomalous extreme temperature detected: -14.0°C
2024-06-29 10:18:44,565 - WARNING - Sensor ID 7: anomalous extreme temperature detected: 50.93°C
2024-06-29 10:18:46,575 - ERROR - Sensor ID 5: disconnected
2024-06-29 10:18:50,597 - WARNING - Sensor ID 5: anomalous extreme temperature detected: -12.45°C
2024-06-29 10:18:53,613 - WARNING - Sensor ID 1: anomalous extreme temperature detected: -16.36°C
2024-06-29 10:18:56,625 - WARNING - Sensor ID 8: anomalous extreme temperature detected: 52.97°C
2024-06-29 10:18:57,631 - ERROR - Sensor ID 4: disconnected
2024-06-29 10:19:04,656 - ERROR - Sensor ID 4: disconnected
2024-06-29 10:19:04,657 - WARNING - Sensor ID 5: anomalous extreme temperature detected: -15.06°C
2024-06-29 10:19:07,669 - ERROR - Sensor ID 4: disconnected
2024-06-29 10:19:11,683 - ERROR - Sensor ID 9: disconnected
2024-06-29 10:19:15,699 - WARNING - Sensor ID 6: anomalous extreme temperature detected: 58.37°C
2024-06-29 10:19:23,734 - ERROR - Sensor ID 1: disconnected
2024-06-29 10:19:25,745 - WARNING - Sensor ID 9: anomalous extreme temperature detected: -12.4°C
2024-06-29 10:19:26,754 - WARNING - Sensor ID 4: anomalous extreme temperature detected: 50.41°C
2024-06-29 10:19:28,761 - WARNING - Sensor ID 1: anomalous extreme temperature detected: -11.71°C
2024-06-29 10:19:28,763 - ERROR - Sensor ID 4: disconnected
2024-06-29 10:19:32,777 - WARNING - Sensor ID 9: anomalous extreme temperature detected: 51.28°C
2024-06-29 10:19:40,806 - WARNING - Sensor ID 3: anomalous extreme temperature detected: 50.8°C
2024-06-29 10:19:44,819 - ERROR - Sensor ID 3: disconnected
2024-06-29 10:19:47,833 - ERROR - Sensor ID 4: disconnected
2024-06-29 10:19:49,839 - WARNING - Sensor ID 2: anomalous extreme temperature detected: 57.75°C
2024-06-29 10:19:49,839 - WARNING - Sensor ID 9: anomalous extreme temperature detected: -15.21°C
2024-06-29 10:19:50,841 - WARNING - Sensor ID 5: anomalous extreme temperature detected: 57.03°C
2024-06-29 10:19:53,861 - WARNING - Sensor ID 1: anomalous extreme temperature detected: 52.63°C
2024-06-29 10:19:55,872 - ERROR - Sensor ID 3: disconnected
2024-06-29 10:19:59,891 - WARNING - Sensor ID 5: anomalous extreme temperature detected: -17.33°C
2024-06-29 10:20:01,900 - WARNING - Sensor ID 6: anomalous extreme temperature detected: -18.86°C
2024-06-29 10:20:06,911 - ERROR - Sensor ID 7: disconnected
2024-06-29 10:20:08,913 - WARNING - Sensor ID 5: anomalous extreme temperature detected: 59.98°C
2024-06-29 10:20:09,917 - ERROR - Sensor ID 8: disconnected
2024-06-29 10:20:11,928 - ERROR - Sensor ID 9: disconnected
2024-06-29 10:20:12,933 - WARNING - Sensor ID 4: anomalous extreme temperature detected: -10.34°C
2024-06-29 10:20:19,965 - ERROR - Sensor ID 1: disconnected
2024-06-29 10:20:25,990 - WARNING - Sensor ID 8: anomalous extreme temperature detected: 53.08°C
2024-06-29 10:20:29,013 - ERROR - Sensor ID 5: disconnected
2024-06-29 10:20:29,018 - ERROR - Sensor ID 7: disconnected
2024-06-29 10:20:30,023 - ERROR - Sensor ID 4: disconnected
2024-06-29 10:20:36,050 - ERROR - Sensor ID 5: disconnected
2024-06-29 10:20:49,105 - WARNING - Sensor ID 4: anomalous extreme temperature detected: -14.78°C
2024-06-29 10:20:49,108 - ERROR - Sensor ID 8: disconnected
2024-06-29 10:20:51,118 - WARNING - Sensor ID 4: anomalous extreme temperature detected: -19.79°C
2024-06-29 10:20:55,134 - WARNING - Sensor ID 7: anomalous extreme temperature detected: -16.44°C
2024-06-29 10:21:01,160 - WARNING - Sensor ID 7: anomalous extreme temperature detected: 51.43°C
2024-06-29 10:21:07,184 - WARNING - Sensor ID 3: anomalous extreme temperature detected: -14.65°C
2024-06-29 10:21:08,187 - ERROR - Sensor ID 3: disconnected
2024-06-29 10:21:10,208 - WARNING - Sensor ID 2: anomalous extreme temperature detected: 54.84°C
2024-06-29 10:21:15,229 - WARNING - Sensor ID 1: anomalous extreme temperature detected: 52.33°C
2024-06-29 10:21:17,237 - ERROR - Sensor ID 5: disconnected
2024-06-29 10:21:21,255 - ERROR - Sensor ID 5: disconnected
2024-06-29 10:21:27,283 - ERROR - Sensor ID 3: disconnected
2024-06-29 10:21:33,315 - ERROR - Sensor ID 8: disconnected
2024-06-29 10:21:35,323 - WARNING - Sensor ID 1: anomalous extreme temperature detected: 59.31°C
2024-06-29 10:21:37,330 - ERROR - Sensor ID 1: disconnected
2024-06-29 10:21:39,337 - WARNING - Sensor ID 7: anomalous extreme temperature detected: 53.2°C
2024-06-29 10:21:47,369 - ERROR - Sensor ID 5: disconnected
2024-06-29 10:21:50,388 - WARNING - Sensor ID 6: anomalous extreme temperature detected: -17.06°C
2024-06-29 10:21:51,394 - WARNING - Sensor ID 2: anomalous extreme temperature detected: 57.53°C
2024-06-29 10:21:52,401 - WARNING - Sensor ID 2: anomalous extreme temperature detected: -12.69°C
2024-06-29 10:21:53,406 - WARNING - Sensor ID 5: anomalous extreme temperature detected: 53.1°C
2024-06-29 10:21:55,422 - WARNING - Sensor ID 5: anomalous extreme temperature detected: -12.12°C
2024-06-29 10:21:55,425 - WARNING - Sensor ID 6: anomalous extreme temperature detected: 59.03°C
2024-06-29 10:21:55,426 - WARNING - Sensor ID 9: anomalous extreme temperature detected: -16.87°C
2024-06-29 10:21:57,434 - WARNING - Sensor ID 5: anomalous extreme temperature detected: 58.34°C
2024-06-29 10:22:00,447 - WARNING - Sensor ID 7: anomalous extreme temperature detected: -10.8°C
2024-06-29 10:22:01,452 - ERROR - Sensor ID 3: disconnected
2024-06-29 10:22:02,457 - ERROR - Sensor ID 7: disconnected
2024-06-29 10:22:03,463 - WARNING - Sensor ID 4: anomalous extreme temperature detected: 57.29°C
2024-06-29 10:22:03,466 - WARNING - Sensor ID 7: anomalous extreme temperature detected: -11.24°C
2024-06-29 10:22:14,511 - ERROR - Sensor ID 3: disconnected
2024-06-29 10:22:15,515 - WARNING - Sensor ID 6: anomalous extreme temperature detected: -10.67°C
2024-06-29 10:22:16,519 - ERROR - Sensor ID 1: disconnected
2024-06-29 10:22:29,579 - ERROR - Sensor ID 4: disconnected
2024-06-29 10:22:31,589 - ERROR - Sensor ID 9: disconnected
2024-06-29 10:22:34,614 - ERROR - Sensor ID 3: disconnected
2024-06-29 10:22:37,626 - ERROR - Sensor ID 7: disconnected
2024-06-29 10:22:40,636 - WARNING - Sensor ID 1: anomalous extreme temperature detected: -14.58°C
2024-06-29 10:22:41,643 - WARNING - Sensor ID 6: anomalous extreme temperature detected: -16.85°C
2024-06-29 10:22:42,649 - ERROR - Sensor ID 5: disconnected
2024-06-29 10:22:43,654 - WARNING - Sensor ID 4: anomalous extreme temperature detected: 52.22°C
2024-06-29 10:22:46,681 - WARNING - Sensor ID 9: anomalous extreme temperature detected: -10.67°C
2024-06-29 10:23:01,735 - WARNING - Sensor ID 3: anomalous extreme temperature detected: 50.4°C
2024-06-29 10:23:02,740 - ERROR - Sensor ID 1: disconnected
2024-06-29 10:23:02,742 - WARNING - Sensor ID 4: anomalous extreme temperature detected: 51.85°C
2024-06-29 10:23:04,751 - ERROR - Sensor ID 9: disconnected
2024-06-29 10:23:08,769 - ERROR - Sensor ID 1: disconnected
2024-06-29 10:23:10,777 - ERROR - Sensor ID 4: disconnected
2024-06-29 10:23:13,789 - ERROR - Sensor ID 1: disconnected
2024-06-29 10:23:14,793 - ERROR - Sensor ID 4: disconnected
2024-06-29 10:23:14,796 - WARNING - Sensor ID 5: anomalous extreme temperature detected: 58.42°C
2024-06-29 10:23:15,804 - WARNING - Sensor ID 7: anomalous extreme temperature detected: -16.75°C
2024-06-29 10:23:25,836 - ERROR - Sensor ID 7: disconnected
2024-06-29 10:23:30,861 - WARNING - Sensor ID 1: anomalous extreme temperature detected: 50.92°C
2024-06-29 10:23:33,871 - WARNING - Sensor ID 1: anomalous extreme temperature detected: -14.12°C
2024-06-29 10:23:37,889 - WARNING - Sensor ID 9: anomalous extreme temperature detected: -16.53°C
2024-06-29 10:23:38,894 - WARNING - Sensor ID 2: anomalous extreme temperature detected: 59.86°C
2024-06-29 10:23:38,895 - WARNING - Sensor ID 9: anomalous extreme temperature detected: -11.71°C
2024-06-29 10:23:39,901 - ERROR - Sensor ID 5: disconnected
2024-06-29 10:23:41,915 - ERROR - Sensor ID 1: disconnected
2024-06-29 10:23:42,921 - ERROR - Sensor ID 4: disconnected
2024-06-29 10:23:47,942 - ERROR - Sensor ID 4: disconnected
2024-06-29 10:23:48,946 - WARNING - Sensor ID 3: anomalous extreme temperature detected: -19.31°C
2024-06-29 10:23:48,947 - WARNING - Sensor ID 6: anomalous extreme temperature detected: 51.08°C
2024-06-29 10:23:50,952 - WARNING - Sensor ID 1: anomalous extreme temperature detected: 52.97°C
2024-06-29 10:23:53,963 - ERROR - Sensor ID 7: disconnected
2024-06-29 10:23:54,973 - WARNING - Sensor ID 8: anomalous extreme temperature detected: 56.36°C
2024-06-29 10:23:58,984 - ERROR - Sensor ID 5: disconnected
2024-06-29 10:24:00,994 - WARNING - Sensor ID 4: anomalous extreme temperature detected: -14.09°C
2024-06-29 10:24:03,006 - ERROR - Sensor ID 4: disconnected
2024-06-29 10:24:07,021 - WARNING - Sensor ID 5: anomalous extreme temperature detected: 55.11°C
2024-06-29 10:24:08,027 - WARNING - Sensor ID 7: anomalous extreme temperature detected: -17.14°C
2024-06-29 10:24:12,047 - WARNING - Sensor ID 2: anomalous extreme temperature detected: 50.92°C
2024-06-29 10:24:13,052 - WARNING - Sensor ID 5: anomalous extreme temperature detected: 57.2°C
2024-06-29 10:24:21,080 - ERROR - Sensor ID 7: disconnected
2024-06-29 10:24:34,128 - ERROR - Sensor ID 8: disconnected
2024-06-29 10:24:42,161 - WARNING - Sensor ID 6: anomalous extreme temperature detected: -17.42°C
2024-06-29 10:24:43,165 - ERROR - Sensor ID 4: disconnected
2024-06-29 10:24:45,177 - ERROR - Sensor ID 7: disconnected
2024-06-29 10:24:47,183 - WARNING - Sensor ID 1: anomalous extreme temperature detected: -18.86°C
2024-06-29 10:24:48,188 - ERROR - Sensor ID 7: disconnected
2024-06-29 10:24:51,203 - ERROR - Sensor ID 5: disconnected
2024-06-29 10:24:57,227 - WARNING - Sensor ID 5: anomalous extreme temperature detected: -13.62°C
2024-06-29 10:25:02,246 - ERROR - Sensor ID 3: disconnected
2024-06-29 10:25:03,253 - WARNING - Sensor ID 7: anomalous extreme temperature detected: 59.0°C
2024-06-29 10:25:09,276 - ERROR - Sensor ID 1: disconnected
2024-06-29 10:25:09,277 - ERROR - Sensor ID 4: disconnected
2024-06-29 10:25:10,283 - ERROR - Sensor ID 4: disconnected
2024-06-29 10:25:14,296 - ERROR - Sensor ID 1: disconnected
2024-06-29 10:25:14,297 - WARNING - Sensor ID 5: anomalous extreme temperature detected: -18.85°C
2024-06-29 10:25:16,301 - WARNING - Sensor ID 1: anomalous extreme temperature detected: -13.75°C
2024-06-29 10:25:19,320 - WARNING - Sensor ID 8: anomalous extreme temperature detected: 54.3°C
2024-06-29 10:25:20,327 - WARNING - Sensor ID 7: anomalous extreme temperature detected: 57.3°C
2024-06-29 10:25:21,331 - ERROR - Sensor ID 1: disconnected
2024-06-29 10:25:25,347 - ERROR - Sensor ID 2: disconnected
2024-06-29 10:25:29,363 - WARNING - Sensor ID 3: anomalous extreme temperature detected: 59.43°C
2024-06-29 10:25:29,364 - WARNING - Sensor ID 6: anomalous extreme temperature detected: -16.38°C
2024-06-29 10:25:42,411 - WARNING - Sensor ID 4: anomalous extreme temperature detected: 58.2°C
2024-06-29 10:25:42,411 - WARNING - Sensor ID 5: anomalous extreme temperature detected: 56.12°C
2024-06-29 10:25:43,415 - ERROR - Sensor ID 6: disconnected
2024-06-29 10:25:45,422 - WARNING - Sensor ID 4: anomalous extreme temperature detected: 55.83°C
2024-06-29 10:25:48,437 - ERROR - Sensor ID 5: disconnected
2024-06-29 10:25:52,453 - WARNING - Sensor ID 4: anomalous extreme temperature detected: -15.72°C
2024-06-29 10:25:52,456 - WARNING - Sensor ID 8: anomalous extreme temperature detected: 52.97°C
2024-06-29 10:25:57,474 - WARNING - Sensor ID 9: anomalous extreme temperature detected: 55.23°C
2024-06-29 10:26:01,491 - ERROR - Sensor ID 4: disconnected
2024-06-29 10:26:04,500 - WARNING - Sensor ID 3: anomalous extreme temperature detected: 56.08°C
2024-06-29 10:26:07,508 - WARNING - Sensor ID 1: anomalous extreme temperature detected: 51.18°C
2024-06-29 10:26:11,523 - ERROR - Sensor ID 1: disconnected
2024-06-29 10:26:13,535 - WARNING - Sensor ID 6: anomalous extreme temperature detected: 52.74°C
2024-06-29 10:26:17,557 - WARNING - Sensor ID 7: anomalous extreme temperature detected: -11.28°C
2024-06-29 10:26:19,567 - ERROR - Sensor ID 9: disconnected
2024-06-29 10:26:26,598 - ERROR - Sensor ID 4: disconnected
2024-06-29 10:26:29,611 - ERROR - Sensor ID 9: disconnected
2024-06-29 10:26:30,617 - WARNING - Sensor ID 4: anomalous extreme temperature detected: -14.95°C
2024-06-29 10:26:32,631 - ERROR - Sensor ID 7: disconnected
2024-06-29 10:26:34,640 - ERROR - Sensor ID 1: disconnected
2024-06-29 10:26:44,676 - ERROR - Sensor ID 2: disconnected
2024-06-29 10:26:50,699 - WARNING - Sensor ID 9: anomalous extreme temperature detected: 57.96°C
2024-06-29 10:26:51,703 - WARNING - Sensor ID 1: anomalous extreme temperature detected: -11.03°C
2024-06-29 10:26:52,709 - WARNING - Sensor ID 4: anomalous extreme temperature detected: -13.24°C
2024-06-29 10:27:05,763 - WARNING - Sensor ID 9: anomalous extreme temperature detected: 57.79°C
2024-06-29 10:27:07,770 - ERROR - Sensor ID 1: disconnected
2024-06-29 10:27:08,773 - ERROR - Sensor ID 1: disconnected
2024-06-29 10:27:08,775 - ERROR - Sensor ID 9: disconnected
2024-06-29 10:27:09,781 - ERROR - Sensor ID 5: disconnected
2024-06-29 10:27:11,788 - WARNING - Sensor ID 1: anomalous extreme temperature detected: 57.62°C
2024-06-29 10:27:15,807 - WARNING - Sensor ID 5: anomalous extreme temperature detected: -10.92°C
2024-06-29 10:27:18,814 - ERROR - Sensor ID 1: disconnected
2024-06-29 10:27:21,825 - ERROR - Sensor ID 1: disconnected
2024-06-29 10:27:23,834 - ERROR - Sensor ID 4: disconnected
2024-06-29 10:27:34,875 - ERROR - Sensor ID 3: disconnected
2024-06-29 10:27:35,878 - ERROR - Sensor ID 3: disconnected
2024-06-29 10:27:41,908 - WARNING - Sensor ID 9: anomalous extreme temperature detected: 54.93°C
2024-06-29 10:27:42,911 - WARNING - Sensor ID 3: anomalous extreme temperature detected: -17.74°C
2024-06-29 10:27:52,952 - ERROR - Sensor ID 10: disconnected
2024-06-29 10:27:54,960 - ERROR - Sensor ID 9: disconnected
2024-06-29 10:27:57,973 - ERROR - Sensor ID 4: disconnected
2024-06-29 10:27:57,974 - ERROR - Sensor ID 8: disconnected
2024-06-29 10:28:00,985 - ERROR - Sensor ID 4: disconnected
2024-06-29 10:28:05,001 - WARNING - Sensor ID 1: anomalous extreme temperature detected: -15.75°C
2024-06-29 10:28:06,006 - ERROR - Sensor ID 3: disconnected
2024-06-29 10:28:08,014 - WARNING - Sensor ID 1: anomalous extreme temperature detected: -15.86°C
2024-06-29 10:28:09,019 - ERROR - Sensor ID 5: disconnected
2024-06-29 10:28:14,038 - WARNING - Sensor ID 4: anomalous extreme temperature detected: 52.46°C
2024-06-29 10:28:23,076 - WARNING - Sensor ID 5: anomalous extreme temperature detected: -13.66°C
2024-06-29 10:28:26,089 - WARNING - Sensor ID 7: anomalous extreme temperature detected: -13.47°C
2024-06-29 10:28:26,090 - ERROR - Sensor ID 8: disconnected
2024-06-29 10:28:28,098 - ERROR - Sensor ID 7: disconnected
2024-06-29 10:28:38,135 - ERROR - Sensor ID 8: disconnected
2024-06-29 10:28:42,152 - ERROR - Sensor ID 1: disconnected
2024-06-29 10:28:48,179 - ERROR - Sensor ID 6: disconnected
2024-06-29 10:28:50,192 - ERROR - Sensor ID 10: disconnected
2024-06-29 10:28:55,211 - WARNING - Sensor ID 8: anomalous extreme temperature detected: 50.76°C
2024-06-29 10:28:58,223 - WARNING - Sensor ID 7: anomalous extreme temperature detected: -18.76°C
2024-06-29 10:29:02,239 - ERROR - Sensor ID 2: disconnected
2024-06-29 10:29:13,286 - ERROR - Sensor ID 3: disconnected
2024-06-29 10:29:14,291 - ERROR - Sensor ID 1: disconnected
2024-06-29 10:29:25,337 - WARNING - Sensor ID 3: anomalous extreme temperature detected: 56.56°C
2024-06-29 10:29:27,347 - WARNING - Sensor ID 6: anomalous extreme temperature detected: 56.25°C
2024-06-29 10:29:28,353 - WARNING - Sensor ID 7: anomalous extreme temperature detected: 57.46°C
2024-06-29 10:29:35,382 - WARNING - Sensor ID 6: anomalous extreme temperature detected: -13.53°C
2024-06-29 10:29:43,410 - ERROR - Sensor ID 4: disconnected
2024-06-29 10:29:44,415 - ERROR - Sensor ID 7: disconnected
2024-06-29 10:29:45,422 - WARNING - Sensor ID 7: anomalous extreme temperature detected: -18.32°C
2024-06-29 10:29:49,440 - WARNING - Sensor ID 7: anomalous extreme temperature detected: -19.01°C
2024-06-29 10:29:49,442 - WARNING - Sensor ID 8: anomalous extreme temperature detected: 51.69°C
2024-06-29 10:29:50,445 - ERROR - Sensor ID 3: disconnected
2024-06-29 10:30:02,491 - WARNING - Sensor ID 6: anomalous extreme temperature detected: 59.46°C
2024-06-29 10:30:03,494 - WARNING - Sensor ID 4: anomalous extreme temperature detected: 59.84°C
2024-06-29 10:30:07,514 - WARNING - Sensor ID 7: anomalous extreme temperature detected: 59.09°C
2024-06-29 10:30:12,538 - ERROR - Sensor ID 9: disconnected
2024-06-29 10:30:13,544 - ERROR - Sensor ID 5: disconnected
2024-06-29 10:30:16,556 - WARNING - Sensor ID 1: anomalous extreme temperature detected: 58.53°C
2024-06-29 10:30:16,557 - WARNING - Sensor ID 4: anomalous extreme temperature detected: -16.37°C
2024-06-29 10:30:18,566 - WARNING - Sensor ID 9: anomalous extreme temperature detected: 54.47°C
2024-06-29 10:30:20,576 - WARNING - Sensor ID 9: anomalous extreme temperature detected: 56.31°C
2024-06-29 10:30:26,597 - WARNING - Sensor ID 5: anomalous extreme temperature detected: 50.9°C
2024-06-29 10:30:31,622 - ERROR - Sensor ID 3: disconnected
2024-06-29 10:30:31,625 - ERROR - Sensor ID 4: disconnected
2024-06-29 10:30:32,634 - ERROR - Sensor ID 7: disconnected
2024-06-29 10:30:42,672 - ERROR - Sensor ID 1: disconnected
2024-06-29 10:30:42,674 - ERROR - Sensor ID 9: disconnected
2024-06-29 10:30:44,683 - WARNING - Sensor ID 7: anomalous extreme temperature detected: 55.5°C
2024-06-29 10:30:45,690 - ERROR - Sensor ID 5: disconnected
2024-06-29 10:30:50,709 - ERROR - Sensor ID 1: disconnected
2024-06-29 10:30:56,733 - WARNING - Sensor ID 7: anomalous extreme temperature detected: -18.76°C
2024-06-29 10:30:58,743 - ERROR - Sensor ID 9: disconnected
2024-06-29 10:30:59,748 - ERROR - Sensor ID 10: disconnected
2024-06-29 10:31:04,769 - ERROR - Sensor ID 1: disconnected
2024-06-29 10:31:05,775 - WARNING - Sensor ID 8: anomalous extreme temperature detected: -17.95°C
2024-06-29 10:31:05,778 - WARNING - Sensor ID 10: anomalous extreme temperature detected: -12.27°C
2024-06-29 10:31:07,786 - WARNING - Sensor ID 8: anomalous extreme temperature detected: 53.88°C
2024-06-29 10:31:10,801 - WARNING - Sensor ID 10: anomalous extreme temperature detected: 59.82°C
2024-06-29 10:31:12,809 - ERROR - Sensor ID 4: disconnected
2024-06-29 10:31:13,817 - WARNING - Sensor ID 5: anomalous extreme temperature detected: 58.27°C
2024-06-29 10:31:14,821 - WARNING - Sensor ID 4: anomalous extreme temperature detected: -10.77°C
2024-06-29 10:31:16,830 - ERROR - Sensor ID 5: disconnected
2024-06-29 10:31:18,839 - ERROR - Sensor ID 3: disconnected
2024-06-29 10:31:22,855 - ERROR - Sensor ID 6: disconnected
2024-06-29 10:31:23,861 - WARNING - Sensor ID 6: anomalous extreme temperature detected: -16.05°C
2024-06-29 10:31:24,867 - WARNING - Sensor ID 6: anomalous extreme temperature detected: -14.9°C
2024-06-29 10:31:26,878 - ERROR - Sensor ID 10: disconnected
2024-06-29 10:31:27,880 - ERROR - Sensor ID 1: disconnected
2024-06-29 10:31:29,888 - ERROR - Sensor ID 5: disconnected
2024-06-29 10:31:30,894 - ERROR - Sensor ID 2: disconnected
2024-06-29 10:31:30,898 - ERROR - Sensor ID 7: disconnected
2024-06-29 10:31:32,904 - WARNING - Sensor ID 5: anomalous extreme temperature detected: -19.92°C
2024-06-29 10:31:34,910 - ERROR - Sensor ID 7: disconnected
2024-06-29 10:31:35,914 - WARNING - Sensor ID 1: anomalous extreme temperature detected: -15.3°C
2024-06-29 10:31:35,915 - ERROR - Sensor ID 4: disconnected
2024-06-29 10:31:39,930 - ERROR - Sensor ID 8: disconnected
2024-06-29 10:31:44,946 - ERROR - Sensor ID 1: disconnected
2024-06-29 10:31:49,966 - ERROR - Sensor ID 1: disconnected
2024-06-29 10:31:49,968 - WARNING - Sensor ID 7: anomalous extreme temperature detected: 51.2°C
2024-06-29 10:31:49,968 - WARNING - Sensor ID 9: anomalous extreme temperature detected: 57.25°C
2024-06-29 10:31:53,982 - ERROR - Sensor ID 7: disconnected
2024-06-29 10:32:07,028 - ERROR - Sensor ID 4: disconnected
2024-06-29 10:32:09,038 - ERROR - Sensor ID 6: disconnected
2024-06-29 10:32:12,050 - WARNING - Sensor ID 1: anomalous extreme temperature detected: -14.16°C
2024-06-29 10:32:13,055 - ERROR - Sensor ID 4: disconnected
2024-06-29 10:32:14,064 - ERROR - Sensor ID 3: disconnected
2024-06-29 10:32:27,113 - ERROR - Sensor ID 4: disconnected
2024-06-29 10:32:27,116 - WARNING - Sensor ID 7: anomalous extreme temperature detected: 53.25°C
2024-06-29 10:32:29,127 - WARNING - Sensor ID 7: anomalous extreme temperature detected: -15.57°C
2024-06-29 10:32:34,147 - WARNING - Sensor ID 1: anomalous extreme temperature detected: 52.7°C
2024-06-29 10:32:38,162 - ERROR - Sensor ID 9: disconnected
2024-06-29 10:32:39,167 - ERROR - Sensor ID 3: disconnected
2024-06-29 10:32:40,172 - WARNING - Sensor ID 8: anomalous extreme temperature detected: -14.12°C
2024-06-29 10:32:41,177 - WARNING - Sensor ID 5: anomalous extreme temperature detected: 55.88°C
2024-06-29 10:32:42,184 - WARNING - Sensor ID 9: anomalous extreme temperature detected: -10.41°C
2024-06-29 10:32:43,191 - ERROR - Sensor ID 3: disconnected
2024-06-29 10:32:44,196 - WARNING - Sensor ID 9: anomalous extreme temperature detected: -11.54°C
2024-06-29 10:32:46,204 - ERROR - Sensor ID 5: disconnected
2024-06-29 10:32:48,213 - WARNING - Sensor ID 1: anomalous extreme temperature detected: 57.4°C
2024-06-29 10:32:54,237 - ERROR - Sensor ID 4: disconnected
2024-06-29 10:32:59,259 - WARNING - Sensor ID 5: anomalous extreme temperature detected: -12.66°C
2024-06-29 10:33:00,266 - ERROR - Sensor ID 5: disconnected
2024-06-29 10:33:01,274 - WARNING - Sensor ID 9: anomalous extreme temperature detected: 53.5°C
2024-06-29 10:33:03,282 - ERROR - Sensor ID 4: disconnected
2024-06-29 10:33:04,293 - WARNING - Sensor ID 6: anomalous extreme temperature detected: 59.52°C
2024-06-29 10:33:08,310 - WARNING - Sensor ID 8: anomalous extreme temperature detected: -10.88°C
2024-06-29 10:33:14,333 - ERROR - Sensor ID 3: disconnected
2024-06-29 10:33:15,340 - ERROR - Sensor ID 9: disconnected
2024-06-29 10:33:18,356 - ERROR - Sensor ID 4: disconnected
2024-06-29 10:33:20,363 - ERROR - Sensor ID 4: disconnected
2024-06-29 10:33:24,386 - WARNING - Sensor ID 4: anomalous extreme temperature detected: -17.35°C
2024-06-29 10:33:24,389 - WARNING - Sensor ID 9: anomalous extreme temperature detected: -13.42°C
2024-06-29 10:33:29,405 - WARNING - Sensor ID 4: anomalous extreme temperature detected: -12.86°C
2024-06-29 10:33:31,414 - WARNING - Sensor ID 4: anomalous extreme temperature detected: -16.62°C
2024-06-29 10:33:35,428 - WARNING - Sensor ID 4: anomalous extreme temperature detected: 52.04°C
2024-06-29 10:33:37,438 - ERROR - Sensor ID 2: disconnected
2024-06-29 10:33:39,448 - WARNING - Sensor ID 4: anomalous extreme temperature detected: 53.48°C
2024-06-29 10:33:42,462 - WARNING - Sensor ID 8: anomalous extreme temperature detected: -17.5°C
2024-06-29 10:33:42,465 - WARNING - Sensor ID 10: anomalous extreme temperature detected: -19.4°C
2024-06-29 10:33:45,489 - ERROR - Sensor ID 3: disconnected
2024-06-29 10:33:47,493 - WARNING - Sensor ID 5: anomalous extreme temperature detected: -13.87°C
2024-06-29 10:33:48,496 - ERROR - Sensor ID 4: disconnected
2024-06-29 10:33:50,501 - WARNING - Sensor ID 9: anomalous extreme temperature detected: 57.16°C
2024-06-29 10:33:51,503 - WARNING - Sensor ID 1: anomalous extreme temperature detected: -18.35°C
2024-06-29 10:33:51,504 - ERROR - Sensor ID 8: disconnected
2024-06-29 10:33:52,510 - ERROR - Sensor ID 4: disconnected
2024-06-29 10:33:53,517 - ERROR - Sensor ID 8: disconnected
2024-06-29 10:33:56,529 - ERROR - Sensor ID 4: disconnected
2024-06-29 10:33:56,531 - WARNING - Sensor ID 6: anomalous extreme temperature detected: -12.91°C
2024-06-29 10:34:03,554 - WARNING - Sensor ID 6: anomalous extreme temperature detected: -14.02°C
2024-06-29 10:34:08,577 - ERROR - Sensor ID 8: disconnected
2024-06-29 10:34:11,589 - WARNING - Sensor ID 7: anomalous extreme temperature detected: -19.39°C
2024-06-29 10:34:13,600 - ERROR - Sensor ID 10: disconnected
2024-06-29 10:34:16,613 - ERROR - Sensor ID 9: disconnected
2024-06-29 10:34:17,618 - WARNING - Sensor ID 1: anomalous extreme temperature detected: 53.17°C
2024-06-29 10:34:20,633 - ERROR - Sensor ID 5: disconnected
2024-06-29 10:34:29,670 - WARNING - Sensor ID 4: anomalous extreme temperature detected: 53.87°C
2024-06-29 10:34:39,709 - WARNING - Sensor ID 1: anomalous extreme temperature detected: 56.0°C
2024-06-29 10:34:44,726 - WARNING - Sensor ID 10: anomalous extreme temperature detected: -12.39°C
2024-06-29 10:34:46,735 - WARNING - Sensor ID 4: anomalous extreme temperature detected: 55.18°C
2024-06-29 10:34:47,741 - ERROR - Sensor ID 5: disconnected
2024-06-29 10:34:50,752 - ERROR - Sensor ID 8: disconnected
2024-06-29 10:34:51,759 - ERROR - Sensor ID 8: disconnected
2024-06-29 10:34:56,781 - ERROR - Sensor ID 5: disconnected
2024-06-29 10:34:56,782 - ERROR - Sensor ID 6: disconnected
2024-06-29 10:34:57,785 - WARNING - Sensor ID 1: anomalous extreme temperature detected: 55.89°C
2024-06-29 10:35:01,800 - ERROR - Sensor ID 8: disconnected
2024-06-29 10:35:05,817 - WARNING - Sensor ID 5: anomalous extreme temperature detected: 53.83°C
2024-06-29 10:35:09,834 - WARNING - Sensor ID 6: anomalous extreme temperature detected: 55.42°C
2024-06-29 10:35:13,848 - ERROR - Sensor ID 7: disconnected
2024-06-29 10:35:17,865 - ERROR - Sensor ID 6: disconnected
2024-06-29 10:35:18,870 - ERROR - Sensor ID 1: disconnected
2024-06-29 10:35:18,871 - WARNING - Sensor ID 3: anomalous extreme temperature detected: -12.81°C
2024-06-29 10:35:19,875 - WARNING - Sensor ID 6: anomalous extreme temperature detected: 56.22°C
2024-06-29 10:35:20,882 - WARNING - Sensor ID 4: anomalous extreme temperature detected: -11.02°C
2024-06-29 10:35:23,897 - WARNING - Sensor ID 4: anomalous extreme temperature detected: -17.22°C
2024-06-29 10:35:24,903 - WARNING - Sensor ID 7: anomalous extreme temperature detected: -18.65°C
2024-06-29 10:35:29,929 - WARNING - Sensor ID 5: anomalous extreme temperature detected: 58.44°C
2024-06-29 10:35:30,934 - ERROR - Sensor ID 3: disconnected
2024-06-29 10:35:32,945 - ERROR - Sensor ID 7: disconnected
2024-06-29 10:35:33,949 - WARNING - Sensor ID 1: anomalous extreme temperature detected: -15.88°C
2024-06-29 10:35:37,965 - WARNING - Sensor ID 1: anomalous extreme temperature detected: -19.81°C
2024-06-29 10:35:40,979 - WARNING - Sensor ID 7: anomalous extreme temperature detected: 55.49°C
2024-06-29 10:35:44,995 - WARNING - Sensor ID 6: anomalous extreme temperature detected: 58.35°C
2024-06-29 10:35:47,008 - WARNING - Sensor ID 1: anomalous extreme temperature detected: 55.28°C
2024-06-29 10:35:48,012 - ERROR - Sensor ID 1: disconnected
2024-06-29 10:35:48,014 - ERROR - Sensor ID 4: disconnected
2024-06-29 10:35:56,047 - ERROR - Sensor ID 9: disconnected
2024-06-29 10:35:57,054 - WARNING - Sensor ID 8: anomalous extreme temperature detected: 53.29°C
2024-06-29 10:36:03,076 - WARNING - Sensor ID 9: anomalous extreme temperature detected: 51.15°C
2024-06-29 10:36:03,077 - WARNING - Sensor ID 10: anomalous extreme temperature detected: -16.66°C
2024-06-29 10:36:10,103 - WARNING - Sensor ID 8: anomalous extreme temperature detected: -17.8°C
2024-06-29 10:36:13,116 - WARNING - Sensor ID 4: anomalous extreme temperature detected: -14.74°C
2024-06-29 10:36:15,135 - ERROR - Sensor ID 5: disconnected
2024-06-29 10:36:20,154 - WARNING - Sensor ID 1: anomalous extreme temperature detected: -13.34°C
2024-06-29 10:36:21,159 - ERROR - Sensor ID 7: disconnected
2024-06-29 10:36:26,179 - WARNING - Sensor ID 3: anomalous extreme temperature detected: 55.8°C
2024-06-29 10:36:28,196 - WARNING - Sensor ID 7: anomalous extreme temperature detected: -12.34°C
2024-06-29 10:36:30,207 - ERROR - Sensor ID 7: disconnected
2024-06-29 10:36:42,252 - WARNING - Sensor ID 4: anomalous extreme temperature detected: 51.78°C
2024-06-29 10:36:53,309 - WARNING - Sensor ID 9: anomalous extreme temperature detected: -10.46°C
2024-06-29 10:36:57,325 - WARNING - Sensor ID 6: anomalous extreme temperature detected: 59.55°C
2024-06-29 10:36:59,334 - WARNING - Sensor ID 7: anomalous extreme temperature detected: 52.01°C
2024-06-29 10:37:05,359 - ERROR - Sensor ID 3: disconnected
2024-06-29 10:37:07,370 - WARNING - Sensor ID 1: anomalous extreme temperature detected: 50.99°C
2024-06-29 10:37:11,387 - WARNING - Sensor ID 8: anomalous extreme temperature detected: 50.36°C
2024-06-29 10:37:12,393 - WARNING - Sensor ID 5: anomalous extreme temperature detected: -19.67°C
2024-06-29 10:37:14,400 - WARNING - Sensor ID 7: anomalous extreme temperature detected: 59.16°C
2024-06-29 10:37:19,421 - WARNING - Sensor ID 5: anomalous extreme temperature detected: -16.01°C
2024-06-29 10:37:25,450 - ERROR - Sensor ID 7: disconnected
2024-06-29 10:37:28,463 - ERROR - Sensor ID 8: disconnected
2024-06-29 10:37:30,473 - ERROR - Sensor ID 3: disconnected
2024-06-29 10:37:31,479 - ERROR - Sensor ID 7: disconnected
2024-06-29 10:37:38,506 - WARNING - Sensor ID 8: anomalous extreme temperature detected: 52.46°C
2024-06-29 10:37:44,528 - WARNING - Sensor ID 1: anomalous extreme temperature detected: -18.62°C
2024-06-29 10:37:47,539 - WARNING - Sensor ID 2: anomalous extreme temperature detected: 59.15°C
2024-06-29 10:37:47,545 - ERROR - Sensor ID 10: disconnected
2024-06-29 10:37:48,549 - WARNING - Sensor ID 4: anomalous extreme temperature detected: 56.42°C
2024-06-29 10:37:52,571 - WARNING - Sensor ID 6: anomalous extreme temperature detected: 55.01°C
2024-06-29 10:38:03,611 - ERROR - Sensor ID 4: disconnected
2024-06-29 10:38:12,651 - WARNING - Sensor ID 4: anomalous extreme temperature detected: -11.87°C
2024-06-29 10:38:17,671 - ERROR - Sensor ID 1: disconnected
2024-06-29 10:38:21,689 - WARNING - Sensor ID 7: anomalous extreme temperature detected: -15.25°C
2024-06-29 10:38:23,698 - ERROR - Sensor ID 10: disconnected
2024-06-29 10:38:26,725 - WARNING - Sensor ID 7: anomalous extreme temperature detected: -16.24°C
2024-06-29 10:38:32,753 - WARNING - Sensor ID 6: anomalous extreme temperature detected: -16.22°C
2024-06-29 10:38:38,778 - ERROR - Sensor ID 5: disconnected
2024-06-29 10:38:39,783 - ERROR - Sensor ID 1: disconnected
2024-06-29 10:38:40,788 - ERROR - Sensor ID 7: disconnected
2024-06-29 10:38:41,792 - ERROR - Sensor ID 4: disconnected
2024-06-29 10:38:42,801 - WARNING - Sensor ID 7: anomalous extreme temperature detected: 56.69°C
2024-06-29 10:39:01,873 - ERROR - Sensor ID 3: disconnected
2024-06-29 10:39:01,877 - WARNING - Sensor ID 10: anomalous extreme temperature detected: 50.1°C
2024-06-29 10:39:03,883 - WARNING - Sensor ID 5: anomalous extreme temperature detected: 50.77°C
2024-06-29 10:39:13,917 - ERROR - Sensor ID 1: disconnected
2024-06-29 10:39:20,942 - WARNING - Sensor ID 3: anomalous extreme temperature detected: 52.5°C
2024-06-29 10:39:21,948 - WARNING - Sensor ID 7: anomalous extreme temperature detected: 59.55°C
2024-06-29 10:39:27,972 - WARNING - Sensor ID 8: anomalous extreme temperature detected: 55.65°C
2024-06-29 10:39:28,979 - ERROR - Sensor ID 5: disconnected
2024-06-29 10:39:29,982 - WARNING - Sensor ID 1: anomalous extreme temperature detected: -19.7°C
2024-06-29 10:39:35,008 - WARNING - Sensor ID 4: anomalous extreme temperature detected: -17.48°C
2024-06-29 10:39:41,033 - ERROR - Sensor ID 5: disconnected
2024-06-29 10:39:46,054 - ERROR - Sensor ID 6: disconnected
2024-06-29 10:39:46,056 - ERROR - Sensor ID 9: disconnected
2024-06-29 10:39:49,065 - WARNING - Sensor ID 5: anomalous extreme temperature detected: 55.06°C
2024-06-29 10:39:52,075 - ERROR - Sensor ID 6: disconnected
2024-06-29 10:39:56,094 - ERROR - Sensor ID 9: disconnected
2024-06-29 10:39:57,098 - ERROR - Sensor ID 3: disconnected
2024-06-29 10:39:58,105 - ERROR - Sensor ID 9: disconnected
2024-06-29 10:40:05,124 - ERROR - Sensor ID 4: disconnected
2024-06-29 10:40:09,132 - WARNING - Sensor ID 5: anomalous extreme temperature detected: 52.67°C
2024-06-29 10:40:12,145 - ERROR - Sensor ID 6: disconnected
2024-06-29 10:40:16,154 - ERROR - Sensor ID 5: disconnected
2024-06-29 10:40:16,155 - WARNING - Sensor ID 9: anomalous extreme temperature detected: -14.09°C
2024-06-29 10:40:21,167 - WARNING - Sensor ID 6: anomalous extreme temperature detected: 52.31°C
2024-06-29 10:40:23,173 - WARNING - Sensor ID 1: anomalous extreme temperature detected: -15.41°C
2024-06-29 10:40:25,182 - ERROR - Sensor ID 4: disconnected
2024-06-29 10:40:32,197 - ERROR - Sensor ID 1: disconnected
2024-06-29 10:40:33,200 - ERROR - Sensor ID 7: disconnected
2024-06-29 10:40:33,201 - ERROR - Sensor ID 8: disconnected
2024-06-29 10:40:42,233 - ERROR - Sensor ID 5: disconnected
2024-06-29 10:40:42,234 - ERROR - Sensor ID 7: disconnected
2024-06-29 10:40:43,240 - ERROR - Sensor ID 4: disconnected
2024-06-29 10:40:43,242 - WARNING - Sensor ID 5: anomalous extreme temperature detected: -12.46°C
2024-06-29 10:40:47,254 - WARNING - Sensor ID 3: anomalous extreme temperature detected: -14.44°C
2024-06-29 10:40:47,257 - ERROR - Sensor ID 6: disconnected
2024-06-29 10:40:49,263 - WARNING - Sensor ID 2: anomalous extreme temperature detected: 52.37°C
2024-06-29 10:40:50,269 - WARNING - Sensor ID 9: anomalous extreme temperature detected: -19.09°C
2024-06-29 10:40:51,270 - ERROR - Sensor ID 7: disconnected
2024-06-29 10:40:53,274 - ERROR - Sensor ID 9: disconnected
2024-06-29 10:41:00,293 - ERROR - Sensor ID 9: disconnected
2024-06-29 10:41:02,301 - ERROR - Sensor ID 5: disconnected
2024-06-29 10:41:02,302 - ERROR - Sensor ID 10: disconnected
2024-06-29 10:41:06,316 - ERROR - Sensor ID 9: disconnected
2024-06-29 10:41:07,319 - WARNING - Sensor ID 5: anomalous extreme temperature detected: -16.36°C
2024-06-29 10:41:13,344 - WARNING - Sensor ID 1: anomalous extreme temperature detected: -19.13°C
2024-06-29 10:41:16,358 - ERROR - Sensor ID 7: disconnected
2024-06-29 10:41:19,374 - ERROR - Sensor ID 2: disconnected
2024-06-29 10:41:22,387 - WARNING - Sensor ID 5: anomalous extreme temperature detected: -10.79°C
2024-06-29 10:41:36,458 - WARNING - Sensor ID 6: anomalous extreme temperature detected: 55.71°C
2024-06-29 10:41:38,469 - WARNING - Sensor ID 1: anomalous extreme temperature detected: 58.46°C
2024-06-29 10:41:42,481 - WARNING - Sensor ID 8: anomalous extreme temperature detected: 50.62°C
2024-06-29 10:41:43,485 - WARNING - Sensor ID 8: anomalous extreme temperature detected: 51.77°C
2024-06-29 10:41:48,502 - WARNING - Sensor ID 9: anomalous extreme temperature detected: 57.93°C
2024-06-29 10:41:53,511 - WARNING - Sensor ID 7: anomalous extreme temperature detected: -14.64°C
2024-06-29 10:41:57,518 - WARNING - Sensor ID 3: anomalous extreme temperature detected: -13.75°C
2024-06-29 10:41:58,522 - ERROR - Sensor ID 3: disconnected
2024-06-29 10:42:02,529 - ERROR - Sensor ID 7: disconnected
2024-06-29 10:42:03,532 - WARNING - Sensor ID 4: anomalous extreme temperature detected: -18.01°C
2024-06-29 10:42:04,534 - WARNING - Sensor ID 3: anomalous extreme temperature detected: 57.04°C
2024-06-29 10:42:07,539 - WARNING - Sensor ID 6: anomalous extreme temperature detected: 50.65°C
2024-06-29 10:42:12,549 - ERROR - Sensor ID 5: disconnected
2024-06-29 10:42:15,555 - WARNING - Sensor ID 4: anomalous extreme temperature detected: -17.58°C
2024-06-29 10:42:20,564 - WARNING - Sensor ID 4: anomalous extreme temperature detected: 54.11°C
2024-06-29 10:42:27,575 - WARNING - Sensor ID 7: anomalous extreme temperature detected: -14.42°C
2024-06-29 10:42:28,578 - ERROR - Sensor ID 8: disconnected
2024-06-29 10:42:30,582 - ERROR - Sensor ID 5: disconnected
2024-06-29 10:42:34,588 - WARNING - Sensor ID 3: anomalous extreme temperature detected: 55.06°C
2024-06-29 10:42:36,594 - ERROR - Sensor ID 9: disconnected
2024-06-29 10:42:38,598 - ERROR - Sensor ID 4: disconnected
2024-06-29 10:42:45,618 - WARNING - Sensor ID 4: anomalous extreme temperature detected: 59.87°C
2024-06-29 10:42:48,630 - WARNING - Sensor ID 3: anomalous extreme temperature detected: -18.28°C
2024-06-29 10:42:53,643 - ERROR - Sensor ID 7: disconnected
2024-06-29 10:42:54,645 - WARNING - Sensor ID 1: anomalous extreme temperature detected: -13.34°C
2024-06-29 10:42:54,646 - WARNING - Sensor ID 3: anomalous extreme temperature detected: -16.17°C
2024-06-29 10:42:56,651 - ERROR - Sensor ID 5: disconnected
2024-06-29 10:42:58,666 - ERROR - Sensor ID 7: disconnected
2024-06-29 10:43:01,678 - WARNING - Sensor ID 9: anomalous extreme temperature detected: -19.36°C
2024-06-29 10:43:02,683 - WARNING - Sensor ID 4: anomalous extreme temperature detected: 59.8°C
2024-06-29 10:43:04,689 - WARNING - Sensor ID 2: anomalous extreme temperature detected: -19.67°C
2024-06-29 10:43:08,700 - WARNING - Sensor ID 8: anomalous extreme temperature detected: 57.95°C
2024-06-29 10:43:09,702 - ERROR - Sensor ID 7: disconnected
2024-06-29 10:43:14,711 - WARNING - Sensor ID 1: anomalous extreme temperature detected: 53.33°C
2024-06-29 10:43:20,722 - WARNING - Sensor ID 6: anomalous extreme temperature detected: 50.45°C
2024-06-29 10:43:25,731 - WARNING - Sensor ID 2: anomalous extreme temperature detected: -14.75°C
2024-06-29 10:43:28,736 - ERROR - Sensor ID 5: disconnected
2024-06-29 10:43:33,743 - WARNING - Sensor ID 5: anomalous extreme temperature detected: 53.37°C
2024-06-29 10:43:38,752 - ERROR - Sensor ID 9: disconnected
2024-06-29 10:43:40,756 - WARNING - Sensor ID 8: anomalous extreme temperature detected: -13.99°C
2024-06-29 10:43:43,762 - WARNING - Sensor ID 8: anomalous extreme temperature detected: 58.48°C
2024-06-29 10:43:44,764 - ERROR - Sensor ID 5: disconnected
2024-06-29 10:43:52,780 - ERROR - Sensor ID 4: disconnected
2024-06-29 10:43:53,783 - WARNING - Sensor ID 8: anomalous extreme temperature detected: -16.73°C
2024-06-29 10:43:54,785 - ERROR - Sensor ID 2: disconnected
2024-06-29 10:43:55,788 - ERROR - Sensor ID 5: disconnected
2024-06-29 10:43:56,790 - ERROR - Sensor ID 1: disconnected
2024-06-29 10:43:56,791 - WARNING - Sensor ID 7: anomalous extreme temperature detected: 52.21°C
2024-06-29 10:44:02,810 - WARNING - Sensor ID 10: anomalous extreme temperature detected: 57.8°C
2024-06-29 10:44:04,815 - ERROR - Sensor ID 4: disconnected
2024-06-29 10:44:04,816 - ERROR - Sensor ID 5: disconnected
2024-06-29 10:44:11,842 - WARNING - Sensor ID 3: anomalous extreme temperature detected: 54.49°C
2024-06-29 10:44:15,856 - WARNING - Sensor ID 3: anomalous extreme temperature detected: 56.0°C
2024-06-29 10:44:17,872 - WARNING - Sensor ID 7: anomalous extreme temperature detected: -12.47°C
2024-06-29 10:44:17,874 - WARNING - Sensor ID 9: anomalous extreme temperature detected: 50.4°C
2024-06-29 10:44:18,651 - INFO - Closing the Kafka producer with 0 secs timeout.
2024-06-29 10:44:18,653 - INFO - Proceeding to force close the producer since pending requests could not be completed within timeout 0.
